2025-07-18T12:22:00.948-06:00  INFO 74985 --- [food_app] [main] w.s.c.ServletWebServerApplicationContext : Root WebApplicationContext: initialization completed in 424 ms
2025-07-18T12:22:12.825-06:00  INFO 74985 --- [food_app] [http-nio-8080-exec-1] o.s.web.servlet.DispatcherServlet        : Initializing Servlet 'dispatcherServlet'
2025-07-18T12:22:12.826-06:00  INFO 74985 --- [food_app] [http-nio-8080-exec-1] o.s.web.servlet.DispatcherServlet        : Completed initialization in 1 ms
2025-07-18T12:24:24.763-06:00  INFO 75093 --- [food_app] [main] w.s.c.ServletWebServerApplicationContext : Root WebApplicationContext: initialization completed in 422 ms
2025-07-18T12:24:35.427-06:00  INFO 75093 --- [food_app] [http-nio-8080-exec-1] o.s.web.servlet.DispatcherServlet        : Initializing Servlet 'dispatcherServlet'
2025-07-18T12:24:35.429-06:00  INFO 75093 --- [food_app] [http-nio-8080-exec-1] o.s.web.servlet.DispatcherServlet        : Completed initialization in 1 ms
2025-07-18T12:26:13.960-06:00  INFO 75175 --- [food_app] [main] w.s.c.ServletWebServerApplicationContext : Root WebApplicationContext: initialization completed in 401 ms
2025-07-18T12:26:28.461-06:00  INFO 75175 --- [food_app] [http-nio-8080-exec-1] o.s.web.servlet.DispatcherServlet        : Initializing Servlet 'dispatcherServlet'
2025-07-18T12:26:28.462-06:00  INFO 75175 --- [food_app] [http-nio-8080-exec-1] o.s.web.servlet.DispatcherServlet        : Completed initialization in 1 ms
2025-07-18T15:11:46.143-06:00  INFO 77203 --- [food_app] [main] w.s.c.ServletWebServerApplicationContext : Root WebApplicationContext: initialization completed in 443 ms
2025-07-18T15:11:53.798-06:00  INFO 77203 --- [food_app] [http-nio-8080-exec-1] o.s.web.servlet.DispatcherServlet        : Initializing Servlet 'dispatcherServlet'
2025-07-18T15:11:53.799-06:00  INFO 77203 --- [food_app] [http-nio-8080-exec-1] o.s.web.servlet.DispatcherServlet        : Completed initialization in 1 ms
2025-07-18T15:13:38.958-06:00  INFO 77229 --- [food_app] [main] w.s.c.ServletWebServerApplicationContext : Root WebApplicationContext: initialization completed in 402 ms
2025-07-18T15:13:45.426-06:00  INFO 77229 --- [food_app] [http-nio-8080-exec-1] o.s.web.servlet.DispatcherServlet        : Initializing Servlet 'dispatcherServlet'
2025-07-18T15:13:45.427-06:00  INFO 77229 --- [food_app] [http-nio-8080-exec-1] o.s.web.servlet.DispatcherServlet        : Completed initialization in 1 ms
2025-07-18T15:16:04.738-06:00  WARN 77229 --- [food_app] [http-nio-8080-exec-7] .w.s.m.s.DefaultHandlerExceptionResolver : Resolved [org.springframework.web.multipart.MaxUploadSizeExceededException: Maximum upload size exceeded]
2025-07-18T15:16:04.745-06:00  WARN 77229 --- [food_app] [http-nio-8080-exec-7] .w.s.m.s.DefaultHandlerExceptionResolver : Resolved [org.springframework.web.multipart.MaxUploadSizeExceededException: Maximum upload size exceeded]
2025-07-18T15:24:49.367-06:00  WARN 77229 --- [food_app] [http-nio-8080-exec-8] .w.s.m.s.DefaultHandlerExceptionResolver : Resolved [org.springframework.web.multipart.MaxUploadSizeExceededException: Maximum upload size exceeded]
2025-07-18T15:24:49.369-06:00  WARN 77229 --- [food_app] [http-nio-8080-exec-8] .w.s.m.s.DefaultHandlerExceptionResolver : Resolved [org.springframework.web.multipart.MaxUploadSizeExceededException: Maximum upload size exceeded]
2025-07-18T15:28:02.300-06:00  INFO 77484 --- [food_app] [main] w.s.c.ServletWebServerApplicationContext : Root WebApplicationContext: initialization completed in 432 ms
2025-07-18T15:28:10.190-06:00  INFO 77484 --- [food_app] [http-nio-8080-exec-1] o.s.web.servlet.DispatcherServlet        : Initializing Servlet 'dispatcherServlet'
2025-07-18T15:28:10.191-06:00  INFO 77484 --- [food_app] [http-nio-8080-exec-1] o.s.web.servlet.DispatcherServlet        : Completed initialization in 1 ms
2025-07-18T15:28:10.277-06:00  WARN 77484 --- [food_app] [http-nio-8080-exec-1] .w.s.m.s.DefaultHandlerExceptionResolver : Resolved [org.springframework.web.multipart.support.MissingServletRequestPartException: Required part 'idCardFront' is not present.]
2025-07-18T15:29:23.025-06:00  WARN 77484 --- [food_app] [http-nio-8080-exec-2] .w.s.m.s.DefaultHandlerExceptionResolver : Resolved [org.springframework.web.multipart.support.MissingServletRequestPartException: Required part 'idCardFront' is not present.]
2025-07-18T15:33:55.501-06:00  WARN 77484 --- [food_app] [http-nio-8080-exec-3] .w.s.m.s.DefaultHandlerExceptionResolver : Resolved [org.springframework.web.multipart.support.MissingServletRequestPartException: Required part 'idCardFront' is not present.]
